<?xml version="1.0" encoding="UTF-8"?>
<!-- Generated by org.testng.reporters.JUnitXMLReporter -->
<testsuite ignored="0" hostname="DESKTOP-FTIU28S" failures="0" tests="5" name="Default test" time="0.095" errors="0" timestamp="2023-03-31T01:21:04 IST">
  <testcase classname="TestNGPack.VerifyLoginPage" name="@BeforeTest openBrowser" time="-1.68020586464E9">
    <failure type="org.testng.TestNGException" message="
Parameter &amp;apos;browser&amp;apos; is required by BeforeTest on method openBrowser but has not been marked @Optional or defined
in C:\Users\Akash\AppData\Local\Temp\testng-eclipse--1887800265\testng-customsuite.xml">
      <![CDATA[org.testng.TestNGException: 
Parameter 'browser' is required by BeforeTest on method openBrowser but has not been marked @Optional or defined
in C:\Users\Akash\AppData\Local\Temp\testng-eclipse--1887800265\testng-customsuite.xml
at org.testng.internal.Parameters.createParams(Parameters.java:270)
at org.testng.internal.Parameters.createParametersForMethod(Parameters.java:358)
at org.testng.internal.Parameters.createParameters(Parameters.java:700)
at org.testng.internal.Parameters.createConfigurationParameters(Parameters.java:168)
at org.testng.internal.ConfigInvoker.invokeConfigurations(ConfigInvoker.java:302)
at org.testng.TestRunner.invokeTestConfigurations(TestRunner.java:637)
at org.testng.TestRunner.beforeRun(TestRunner.java:627)
at org.testng.TestRunner.run(TestRunner.java:589)
at org.testng.SuiteRunner.runTest(SuiteRunner.java:377)
at org.testng.SuiteRunner.runSequentially(SuiteRunner.java:371)
at org.testng.SuiteRunner.privateRun(SuiteRunner.java:332)
at org.testng.SuiteRunner.run(SuiteRunner.java:276)
at org.testng.SuiteRunnerWorker.runSuite(SuiteRunnerWorker.java:53)
at org.testng.SuiteRunnerWorker.run(SuiteRunnerWorker.java:96)
at org.testng.TestNG.runSuitesSequentially(TestNG.java:1212)
at org.testng.TestNG.runSuitesLocally(TestNG.java:1134)
at org.testng.TestNG.runSuites(TestNG.java:1063)
at org.testng.TestNG.run(TestNG.java:1031)
at org.testng.remote.AbstractRemoteTestNG.run(AbstractRemoteTestNG.java:115)
at org.testng.remote.RemoteTestNG.initAndRun(RemoteTestNG.java:251)
at org.testng.remote.RemoteTestNG.main(RemoteTestNG.java:77)
]]>
    </failure>
  </testcase> <!-- @BeforeTest openBrowser -->
  <testcase classname="TestNGPack.VerifyLoginPage" name="@BeforeClass beforeClass" time="-1.680205864672E9">
    <skipped/>
  </testcase> <!-- @BeforeClass beforeClass -->
  <testcase classname="TestNGPack.VerifyLoginPage" name="@BeforeMethod goToLoginPage" time="-1.680205864688E9">
    <skipped/>
  </testcase> <!-- @BeforeMethod goToLoginPage -->
  <testcase classname="TestNGPack.VerifyLoginPage" name="@AfterMethod logOutFromApplication" time="-1.680205864694E9">
    <skipped/>
  </testcase> <!-- @AfterMethod logOutFromApplication -->
  <testcase classname="TestNGPack.VerifyLoginPage" name="@BeforeMethod goToLoginPage" time="-1.680205864698E9">
    <skipped/>
  </testcase> <!-- @BeforeMethod goToLoginPage -->
  <testcase classname="TestNGPack.VerifyLoginPage" name="@AfterMethod logOutFromApplication" time="-1.680205864703E9">
    <skipped/>
  </testcase> <!-- @AfterMethod logOutFromApplication -->
  <testcase classname="TestNGPack.VerifyLoginPage" name="@BeforeMethod goToLoginPage" time="-1.680205864705E9">
    <skipped/>
  </testcase> <!-- @BeforeMethod goToLoginPage -->
  <testcase classname="TestNGPack.VerifyLoginPage" name="@AfterMethod logOutFromApplication" time="-1.68020586471E9">
    <skipped/>
  </testcase> <!-- @AfterMethod logOutFromApplication -->
  <testcase classname="TestNGPack.VerifyLoginPage" name="@BeforeMethod goToLoginPage" time="-1.680205864711E9">
    <skipped/>
  </testcase> <!-- @BeforeMethod goToLoginPage -->
  <testcase classname="TestNGPack.VerifyLoginPage" name="@AfterMethod logOutFromApplication" time="-1.680205864717E9">
    <skipped/>
  </testcase> <!-- @AfterMethod logOutFromApplication -->
  <testcase classname="TestNGPack.VerifyLoginPage" name="@AfterClass closedTheBrowser" time="-1.680205864726E9">
    <skipped/>
  </testcase> <!-- @AfterClass closedTheBrowser -->
  <testcase classname="TestNGPack.VerifyLoginPage" name="@AfterTest afterTest" time="-1.680205864727E9">
    <skipped/>
  </testcase> <!-- @AfterTest afterTest -->
  <testcase classname="TestNGPack.VerifyLoginPage" name="verifyTextPresentOnUserName" time="0.0">
    <skipped/>
  </testcase> <!-- verifyTextPresentOnUserName -->
  <testcase classname="TestNGPack.VerifyLoginPage" name="verifyErrorMessageOfIncorrectPassword" time="0.0">
    <skipped/>
  </testcase> <!-- verifyErrorMessageOfIncorrectPassword -->
  <testcase classname="TestNGPack.VerifyLoginPage" name="verifyErrorMessageOfIncorrectUserName" time="0.0">
    <skipped/>
  </testcase> <!-- verifyErrorMessageOfIncorrectUserName -->
  <testcase classname="TestNGPack.VerifyLoginPage" name="verifyForgotPasswordLinkOnLoginPage" time="0.0">
    <skipped/>
  </testcase> <!-- verifyForgotPasswordLinkOnLoginPage -->
  <testcase classname="TestNGPack.VerifyLoginPage" name="verifyCreateNewAccountButtonOnLoginPage" time="0.0">
    <skipped/>
  </testcase> <!-- verifyCreateNewAccountButtonOnLoginPage -->
</testsuite> <!-- Default test -->
