<!DOCTYPE html PUBLIC "-//W3C//DTD XHTML 1.1//EN" "https://www.w3.org/TR/xhtml11/DTD/xhtml11.dtd">
<html xmlns="https://www.w3.org/1999/xhtml">
<head>
<meta http-equiv="content-type" content="text/html; charset=UTF-8"/>
<title>TestNG Report</title>
<style type="text/css">table {margin-bottom:10px;border-collapse:collapse;empty-cells:show}th,td {border:1px solid #009;padding:.25em .5em}th {vertical-align:bottom}td {vertical-align:top}table a {font-weight:bold}.stripe td {background-color: #E6EBF9}.num {text-align:right}.passedodd td {background-color: #3F3}.passedeven td {background-color: #0A0}.skippedodd td {background-color: #DDD}.skippedeven td {background-color: #CCC}.failedodd td,.attn {background-color: #F33}.failedeven td,.stripe .attn {background-color: #D00}.stacktrace {white-space:pre;font-family:monospace}.totop {font-size:85%;text-align:center;border-bottom:2px solid #000}.invisible {display:none}</style>
</head>
<body>
<table>
<tr><th>Test</th><th># Passed</th><th># Skipped</th><th># Retried</th><th># Failed</th><th>Time (ms)</th><th>Included Groups</th><th>Excluded Groups</th></tr>
<tr><th colspan="8">Facebook_Suite</th></tr>
<tr><td><a href="#t0">ChromeTest</a></td><td class="num">6</td><td class="num attn">2</td><td class="num">0</td><td class="num attn">3</td><td class="num">64,062</td><td></td><td></td></tr>
<tr class="stripe"><td><a href="#t1">EdgeTest</a></td><td class="num">6</td><td class="num attn">2</td><td class="num">0</td><td class="num attn">3</td><td class="num">68,835</td><td></td><td></td></tr>
<tr><td><a href="#t2">FirefoxTest</a></td><td class="num">6</td><td class="num attn">2</td><td class="num">0</td><td class="num attn">3</td><td class="num">78,664</td><td></td><td></td></tr>
<tr><th>Total</th><th class="num">18</th><th class="num attn">6</th><th class="num">0</th><th class="num attn">9</th><th class="num">211,561</th><th colspan="2"></th></tr>
</table>
<table id='summary'><thead><tr><th>Class</th><th>Method</th><th>Start</th><th>Time (ms)</th></tr></thead><tbody><tr><th colspan="4">Facebook_Suite</th></tr></tbody><tbody id="t0"><tr><th colspan="4">ChromeTest &#8212; failed</th></tr><tr class="failedeven"><td rowspan="1">TestNGPack.VerifyForgotPasswordPage</td><td><a href="#m0">verifySearchButtonOnForgotPasswordPage</a></td><td rowspan="1">1680247594111</td><td rowspan="1">18118</td></tr><tr class="failedodd"><td rowspan="1">TestNGPack.VerifyLoginPage</td><td><a href="#m1">verifyForgotPasswordLinkOnLoginPage</a></td><td rowspan="1">1680247597800</td><td rowspan="1">6242</td></tr><tr class="failedeven"><td rowspan="1">TestNGPack.VerifySignupPopUp</td><td><a href="#m2">verifyMonthDropDown</a></td><td rowspan="1">1680247576938</td><td rowspan="1">2394</td></tr><tr><th colspan="4">ChromeTest &#8212; skipped</th></tr><tr class="skippedeven"><td rowspan="1">TestNGPack.VerifyLoginPage</td><td><a href="#m3">verifyCreateNewAccountButtonOnLoginPage</a></td><td rowspan="1">1680247606149</td><td rowspan="1">0</td></tr><tr class="skippedodd"><td rowspan="1">TestNGPack.VerifySignupPopUp</td><td><a href="#m4">verifyYearDropDown</a></td><td rowspan="1">1680247581968</td><td rowspan="1">0</td></tr><tr><th colspan="4">ChromeTest &#8212; passed</th></tr><tr class="passedeven"><td rowspan="2">TestNGPack.VerifyForgotPasswordPage</td><td><a href="#m5">verifyCancelButtonOnForgotPasswordPage</a></td><td rowspan="1">1680247582552</td><td rowspan="1">4347</td></tr><tr class="passedeven"><td><a href="#m6">verifyMessageOnForgotPasswordPage</a></td><td rowspan="1">1680247575888</td><td rowspan="1">1015</td></tr><tr class="passedodd"><td rowspan="3">TestNGPack.VerifyLoginPage</td><td><a href="#m7">verifyErrorMessageOfIncorrectPassword</a></td><td rowspan="1">1680247573112</td><td rowspan="1">13670</td></tr><tr class="passedodd"><td><a href="#m8">verifyErrorMessageOfIncorrectUserName</a></td><td rowspan="1">1680247589690</td><td rowspan="1">4482</td></tr><tr class="passedodd"><td><a href="#m9">verifyTextPresentOnUserName</a></td><td rowspan="1">1680247571965</td><td rowspan="1">224</td></tr><tr class="passedeven"><td rowspan="1">TestNGPack.VerifySignupPopUp</td><td><a href="#m10">verifyDayDropDown</a></td><td rowspan="1">1680247572090</td><td rowspan="1">3209</td></tr></tbody>
<tbody id="t1"><tr><th colspan="4">EdgeTest &#8212; failed</th></tr><tr class="failedeven"><td rowspan="1">TestNGPack.VerifyForgotPasswordPage</td><td><a href="#m11">verifySearchButtonOnForgotPasswordPage</a></td><td rowspan="1">1680247614554</td><td rowspan="1">15653</td></tr><tr class="failedodd"><td rowspan="1">TestNGPack.VerifyLoginPage</td><td><a href="#m12">verifyForgotPasswordLinkOnLoginPage</a></td><td rowspan="1">1680247618885</td><td rowspan="1">4506</td></tr><tr class="failedeven"><td rowspan="1">TestNGPack.VerifySignupPopUp</td><td><a href="#m13">verifyMonthDropDown</a></td><td rowspan="1">1680247593193</td><td rowspan="1">19864</td></tr><tr><th colspan="4">EdgeTest &#8212; skipped</th></tr><tr class="skippedeven"><td rowspan="1">TestNGPack.VerifyLoginPage</td><td><a href="#m14">verifyCreateNewAccountButtonOnLoginPage</a></td><td rowspan="1">1680247624719</td><td rowspan="1">0</td></tr><tr class="skippedodd"><td rowspan="1">TestNGPack.VerifySignupPopUp</td><td><a href="#m15">verifyYearDropDown</a></td><td rowspan="1">1680247616402</td><td rowspan="1">0</td></tr><tr><th colspan="4">EdgeTest &#8212; passed</th></tr><tr class="passedeven"><td rowspan="2">TestNGPack.VerifyForgotPasswordPage</td><td><a href="#m16">verifyCancelButtonOnForgotPasswordPage</a></td><td rowspan="1">1680247595713</td><td rowspan="1">7367</td></tr><tr class="passedeven"><td><a href="#m17">verifyMessageOnForgotPasswordPage</a></td><td rowspan="1">1680247588282</td><td rowspan="1">733</td></tr><tr class="passedodd"><td rowspan="3">TestNGPack.VerifyLoginPage</td><td><a href="#m18">verifyErrorMessageOfIncorrectPassword</a></td><td rowspan="1">1680247587508</td><td rowspan="1">9115</td></tr><tr class="passedodd"><td><a href="#m19">verifyErrorMessageOfIncorrectUserName</a></td><td rowspan="1">1680247602393</td><td rowspan="1">11649</td></tr><tr class="passedodd"><td><a href="#m20">verifyTextPresentOnUserName</a></td><td rowspan="1">1680247582839</td><td rowspan="1">1077</td></tr><tr class="passedeven"><td rowspan="1">TestNGPack.VerifySignupPopUp</td><td><a href="#m21">verifyDayDropDown</a></td><td rowspan="1">1680247582808</td><td rowspan="1">7835</td></tr></tbody>
<tbody id="t2"><tr><th colspan="4">FirefoxTest &#8212; failed</th></tr><tr class="failedeven"><td rowspan="1">TestNGPack.VerifyForgotPasswordPage</td><td><a href="#m22">verifySearchButtonOnForgotPasswordPage</a></td><td rowspan="1">1680247625136</td><td rowspan="1">12534</td></tr><tr class="failedodd"><td rowspan="1">TestNGPack.VerifyLoginPage</td><td><a href="#m23">verifyForgotPasswordLinkOnLoginPage</a></td><td rowspan="1">1680247619794</td><td rowspan="1">3019</td></tr><tr class="failedeven"><td rowspan="1">TestNGPack.VerifySignupPopUp</td><td><a href="#m24">verifyMonthDropDown</a></td><td rowspan="1">1680247610265</td><td rowspan="1">3003</td></tr><tr><th colspan="4">FirefoxTest &#8212; skipped</th></tr><tr class="skippedeven"><td rowspan="1">TestNGPack.VerifyLoginPage</td><td><a href="#m25">verifyCreateNewAccountButtonOnLoginPage</a></td><td rowspan="1">1680247624052</td><td rowspan="1">0</td></tr><tr class="skippedodd"><td rowspan="1">TestNGPack.VerifySignupPopUp</td><td><a href="#m26">verifyYearDropDown</a></td><td rowspan="1">1680247614641</td><td rowspan="1">0</td></tr><tr><th colspan="4">FirefoxTest &#8212; passed</th></tr><tr class="passedeven"><td rowspan="2">TestNGPack.VerifyForgotPasswordPage</td><td><a href="#m27">verifyCancelButtonOnForgotPasswordPage</a></td><td rowspan="1">1680247619048</td><td rowspan="1">2146</td></tr><tr class="passedeven"><td><a href="#m28">verifyMessageOnForgotPasswordPage</a></td><td rowspan="1">1680247613403</td><td rowspan="1">467</td></tr><tr class="passedodd"><td rowspan="3">TestNGPack.VerifyLoginPage</td><td><a href="#m29">verifyErrorMessageOfIncorrectPassword</a></td><td rowspan="1">1680247608714</td><td rowspan="1">4579</td></tr><tr class="passedodd"><td><a href="#m30">verifyErrorMessageOfIncorrectUserName</a></td><td rowspan="1">1680247615275</td><td rowspan="1">2950</td></tr><tr class="passedodd"><td><a href="#m31">verifyTextPresentOnUserName</a></td><td rowspan="1">1680247605755</td><td rowspan="1">311</td></tr><tr class="passedeven"><td rowspan="1">TestNGPack.VerifySignupPopUp</td><td><a href="#m32">verifyDayDropDown</a></td><td rowspan="1">1680247604199</td><td rowspan="1">4146</td></tr></tbody>
</table>
<h2>ChromeTest</h2><h3 id="m0">TestNGPack.VerifyForgotPasswordPage#verifySearchButtonOnForgotPasswordPage</h3><table class="result"><tr><th>Exception</th></tr><tr><td><div class="stacktrace">org.openqa.selenium.NoSuchElementException: no such element: Unable to locate element: {&quot;method&quot;:&quot;xpath&quot;,&quot;selector&quot;:&quot;//div[@class=&apos;_9o4h&apos;]&quot;}
  (Session info: chrome=111.0.5563.111)
For documentation on this error, please visit: https://www.seleniumhq.org/exceptions/no_such_element.html
Build info: version: &apos;3.141.59&apos;, revision: &apos;e82be7d358&apos;, time: &apos;2018-11-14T08:17:03&apos;
System info: host: &apos;DESKTOP-FTIU28S&apos;, ip: &apos;192.168.184.1&apos;, os.name: &apos;Windows 11&apos;, os.arch: &apos;amd64&apos;, os.version: &apos;10.0&apos;, java.version: &apos;17.0.5&apos;
Driver info: org.openqa.selenium.chrome.ChromeDriver
Capabilities {acceptInsecureCerts: false, browserName: chrome, browserVersion: 111.0.5563.111, chrome: {chromedriverVersion: 111.0.5563.64 (c710e93d5b63..., userDataDir: C:\Users\Akash\AppData\Loca...}, goog:chromeOptions: {debuggerAddress: localhost:49330}, javascriptEnabled: true, networkConnectionEnabled: false, pageLoadStrategy: normal, platform: WINDOWS, platformName: WINDOWS, proxy: Proxy(), setWindowRect: true, strictFileInteractability: false, timeouts: {implicit: 0, pageLoad: 300000, script: 30000}, unhandledPromptBehavior: dismiss and notify, webauthn:extension:credBlob: true, webauthn:extension:largeBlob: true, webauthn:extension:minPinLength: true, webauthn:extension:prf: true, webauthn:virtualAuthenticators: true}
Session ID: f927d5e382ae96e42aa0b8bc13b9e074
*** Element info: {Using=xpath, value=//div[@class=&apos;_9o4h&apos;]}
	at org.openqa.selenium.remote.http.W3CHttpResponseCodec.createException(W3CHttpResponseCodec.java:187)
	at org.openqa.selenium.remote.http.W3CHttpResponseCodec.decode(W3CHttpResponseCodec.java:122)
	at org.openqa.selenium.remote.http.W3CHttpResponseCodec.decode(W3CHttpResponseCodec.java:49)
	at org.openqa.selenium.remote.HttpCommandExecutor.execute(HttpCommandExecutor.java:158)
	at org.openqa.selenium.remote.service.DriverCommandExecutor.execute(DriverCommandExecutor.java:83)
	at org.openqa.selenium.remote.RemoteWebDriver.execute(RemoteWebDriver.java:552)
	at org.openqa.selenium.remote.RemoteWebDriver.findElement(RemoteWebDriver.java:323)
	at org.openqa.selenium.remote.RemoteWebDriver.findElementByXPath(RemoteWebDriver.java:428)
	at org.openqa.selenium.By$ByXPath.findElement(By.java:353)
	at org.openqa.selenium.remote.RemoteWebDriver.findElement(RemoteWebDriver.java:315)
	at org.openqa.selenium.support.pagefactory.DefaultElementLocator.findElement(DefaultElementLocator.java:69)
	at org.openqa.selenium.support.pagefactory.internal.LocatingElementHandler.invoke(LocatingElementHandler.java:38)
	at jdk.proxy2/jdk.proxy2.$Proxy17.getText(Unknown Source)
	at page.ForgotPasswordPage.getErrorMessage(ForgotPasswordPage.java:55)
	at TestNGPack.VerifyForgotPasswordPage.verifySearchButtonOnForgotPasswordPage(VerifyForgotPasswordPage.java:125)
	at java.base/java.util.concurrent.ThreadPoolExecutor.runWorker(ThreadPoolExecutor.java:1136)
	at java.base/java.util.concurrent.ThreadPoolExecutor$Worker.run(ThreadPoolExecutor.java:635)
	at java.base/java.lang.Thread.run(Thread.java:833)
... Removed 17 stack frames</div></td></tr></table><p class="totop"><a href="#summary">back to summary</a></p>
<h3 id="m1">TestNGPack.VerifyLoginPage#verifyForgotPasswordLinkOnLoginPage</h3><table class="result"><tr><th>Exception</th></tr><tr><td><div class="stacktrace">java.lang.AssertionError: expected [https://www.facebook.com/] but found [https://www.facebook.com/recover/initiate/?privacy_mutation_token=eyJ0eXBlIjowLCJjcmVhdGlvbl90aW1lIjoxNjgwMjQ3NTk1LCJjYWxsc2l0ZV9pZCI6MzgxMjI5MDc5NTc1OTQ2fQ%3D%3D&amp;ars=facebook_login]
	at TestNGPack.VerifyLoginPage.verifyForgotPasswordLinkOnLoginPage(VerifyLoginPage.java:151)
	at java.base/java.util.concurrent.ThreadPoolExecutor.runWorker(ThreadPoolExecutor.java:1136)
	at java.base/java.util.concurrent.ThreadPoolExecutor$Worker.run(ThreadPoolExecutor.java:635)
	at java.base/java.lang.Thread.run(Thread.java:833)
... Removed 18 stack frames</div></td></tr></table><p class="totop"><a href="#summary">back to summary</a></p>
<h3 id="m2">TestNGPack.VerifySignupPopUp#verifyMonthDropDown</h3><table class="result"><tr><th>Exception</th></tr><tr><td><div class="stacktrace">java.lang.UnsupportedOperationException: You may only deselect options of a multi-select
	at org.openqa.selenium.support.ui.Select.deselectByValue(Select.java:224)
	at page.SingupPopUp.selectMonth(SingupPopUp.java:78)
	at TestNGPack.VerifySignupPopUp.verifyMonthDropDown(VerifySignupPopUp.java:86)
	at java.base/java.util.concurrent.ThreadPoolExecutor.runWorker(ThreadPoolExecutor.java:1136)
	at java.base/java.util.concurrent.ThreadPoolExecutor$Worker.run(ThreadPoolExecutor.java:635)
	at java.base/java.lang.Thread.run(Thread.java:833)
... Removed 12 stack frames</div></td></tr></table><p class="totop"><a href="#summary">back to summary</a></p>
<h3 id="m3">TestNGPack.VerifyLoginPage#verifyCreateNewAccountButtonOnLoginPage</h3><table class="result"><tr><th>Exception</th></tr><tr><td><div class="stacktrace">java.lang.Throwable: Method VerifyLoginPage.verifyCreateNewAccountButtonOnLoginPage()[pri:5, instance:TestNGPack.VerifyLoginPage@47faa49c] depends on not successfully finished methods
	at java.base/java.util.concurrent.ThreadPoolExecutor.runWorker(ThreadPoolExecutor.java:1136)
	at java.base/java.util.concurrent.ThreadPoolExecutor$Worker.run(ThreadPoolExecutor.java:635)
	at java.base/java.lang.Thread.run(Thread.java:833)
... Removed 3 stack frames</div></td></tr></table><p class="totop"><a href="#summary">back to summary</a></p>
<h3 id="m4">TestNGPack.VerifySignupPopUp#verifyYearDropDown</h3><table class="result"><tr><th>Exception</th></tr><tr><td><div class="stacktrace">java.lang.Throwable: Method VerifySignupPopUp.verifyYearDropDown()[pri:3, instance:TestNGPack.VerifySignupPopUp@7133da86] depends on not successfully finished methods
	at java.base/java.util.concurrent.ThreadPoolExecutor.runWorker(ThreadPoolExecutor.java:1136)
	at java.base/java.util.concurrent.ThreadPoolExecutor$Worker.run(ThreadPoolExecutor.java:635)
	at java.base/java.lang.Thread.run(Thread.java:833)
... Removed 3 stack frames</div></td></tr></table><p class="totop"><a href="#summary">back to summary</a></p>
<h3 id="m5">TestNGPack.VerifyForgotPasswordPage#verifyCancelButtonOnForgotPasswordPage</h3><table class="result"><tr><th class="invisible"/></tr></table><p class="totop"><a href="#summary">back to summary</a></p>
<h3 id="m6">TestNGPack.VerifyForgotPasswordPage#verifyMessageOnForgotPasswordPage</h3><table class="result"><tr><th class="invisible"/></tr></table><p class="totop"><a href="#summary">back to summary</a></p>
<h3 id="m7">TestNGPack.VerifyLoginPage#verifyErrorMessageOfIncorrectPassword</h3><table class="result"><tr><th class="invisible"/></tr></table><p class="totop"><a href="#summary">back to summary</a></p>
<h3 id="m8">TestNGPack.VerifyLoginPage#verifyErrorMessageOfIncorrectUserName</h3><table class="result"><tr><th class="invisible"/></tr></table><p class="totop"><a href="#summary">back to summary</a></p>
<h3 id="m9">TestNGPack.VerifyLoginPage#verifyTextPresentOnUserName</h3><table class="result"><tr><th class="invisible"/></tr></table><p class="totop"><a href="#summary">back to summary</a></p>
<h3 id="m10">TestNGPack.VerifySignupPopUp#verifyDayDropDown</h3><table class="result"><tr><th class="invisible"/></tr></table><p class="totop"><a href="#summary">back to summary</a></p>
<h2>EdgeTest</h2><h3 id="m11">TestNGPack.VerifyForgotPasswordPage#verifySearchButtonOnForgotPasswordPage</h3><table class="result"><tr><th>Exception</th></tr><tr><td><div class="stacktrace">org.openqa.selenium.NoSuchElementException: no such element: Unable to locate element: {&quot;method&quot;:&quot;xpath&quot;,&quot;selector&quot;:&quot;//div[@class=&apos;_9o4h&apos;]&quot;}
  (Session info: MicrosoftEdge=111.0.1661.54)
For documentation on this error, please visit: https://www.seleniumhq.org/exceptions/no_such_element.html
Build info: version: &apos;3.141.59&apos;, revision: &apos;e82be7d358&apos;, time: &apos;2018-11-14T08:17:03&apos;
System info: host: &apos;DESKTOP-FTIU28S&apos;, ip: &apos;192.168.184.1&apos;, os.name: &apos;Windows 11&apos;, os.arch: &apos;amd64&apos;, os.version: &apos;10.0&apos;, java.version: &apos;17.0.5&apos;
Driver info: org.openqa.selenium.edge.EdgeDriver
Capabilities {acceptInsecureCerts: false, browserName: msedge, browserVersion: 111.0.1661.54, javascriptEnabled: true, ms:edgeOptions: {debuggerAddress: localhost:49331}, msedge: {msedgedriverVersion: 111.0.1661.51 (5b30e0e79e57..., userDataDir: C:\Users\Akash\AppData\Loca...}, networkConnectionEnabled: false, pageLoadStrategy: normal, platform: WINDOWS, platformName: WINDOWS, proxy: Proxy(), setWindowRect: true, strictFileInteractability: false, timeouts: {implicit: 0, pageLoad: 300000, script: 30000}, unhandledPromptBehavior: dismiss and notify, webauthn:extension:credBlob: true, webauthn:extension:largeBlob: true, webauthn:extension:minPinLength: true, webauthn:extension:prf: true, webauthn:virtualAuthenticators: true}
Session ID: 1a42addfe4a459e2a4f6d7821232a5eb
*** Element info: {Using=xpath, value=//div[@class=&apos;_9o4h&apos;]}
	at org.openqa.selenium.remote.http.W3CHttpResponseCodec.createException(W3CHttpResponseCodec.java:187)
	at org.openqa.selenium.remote.http.W3CHttpResponseCodec.decode(W3CHttpResponseCodec.java:122)
	at org.openqa.selenium.remote.http.W3CHttpResponseCodec.decode(W3CHttpResponseCodec.java:49)
	at org.openqa.selenium.remote.HttpCommandExecutor.execute(HttpCommandExecutor.java:158)
	at org.openqa.selenium.remote.service.DriverCommandExecutor.execute(DriverCommandExecutor.java:83)
	at org.openqa.selenium.remote.RemoteWebDriver.execute(RemoteWebDriver.java:552)
	at org.openqa.selenium.remote.RemoteWebDriver.findElement(RemoteWebDriver.java:323)
	at org.openqa.selenium.remote.RemoteWebDriver.findElementByXPath(RemoteWebDriver.java:428)
	at org.openqa.selenium.By$ByXPath.findElement(By.java:353)
	at org.openqa.selenium.remote.RemoteWebDriver.findElement(RemoteWebDriver.java:315)
	at org.openqa.selenium.support.pagefactory.DefaultElementLocator.findElement(DefaultElementLocator.java:69)
	at org.openqa.selenium.support.pagefactory.internal.LocatingElementHandler.invoke(LocatingElementHandler.java:38)
	at jdk.proxy2/jdk.proxy2.$Proxy17.getText(Unknown Source)
	at page.ForgotPasswordPage.getErrorMessage(ForgotPasswordPage.java:55)
	at TestNGPack.VerifyForgotPasswordPage.verifySearchButtonOnForgotPasswordPage(VerifyForgotPasswordPage.java:125)
	at java.base/java.util.concurrent.ThreadPoolExecutor.runWorker(ThreadPoolExecutor.java:1136)
	at java.base/java.util.concurrent.ThreadPoolExecutor$Worker.run(ThreadPoolExecutor.java:635)
	at java.base/java.lang.Thread.run(Thread.java:833)
... Removed 17 stack frames</div></td></tr></table><p class="totop"><a href="#summary">back to summary</a></p>
<h3 id="m12">TestNGPack.VerifyLoginPage#verifyForgotPasswordLinkOnLoginPage</h3><table class="result"><tr><th>Exception</th></tr><tr><td><div class="stacktrace">java.lang.AssertionError: expected [https://www.facebook.com/] but found [https://www.facebook.com/recover/initiate/?privacy_mutation_token=eyJ0eXBlIjowLCJjcmVhdGlvbl90aW1lIjoxNjgwMjQ3NjE0LCJjYWxsc2l0ZV9pZCI6MzgxMjI5MDc5NTc1OTQ2fQ%3D%3D&amp;ars=facebook_login]
	at TestNGPack.VerifyLoginPage.verifyForgotPasswordLinkOnLoginPage(VerifyLoginPage.java:151)
	at java.base/java.util.concurrent.ThreadPoolExecutor.runWorker(ThreadPoolExecutor.java:1136)
	at java.base/java.util.concurrent.ThreadPoolExecutor$Worker.run(ThreadPoolExecutor.java:635)
	at java.base/java.lang.Thread.run(Thread.java:833)
... Removed 18 stack frames</div></td></tr></table><p class="totop"><a href="#summary">back to summary</a></p>
<h3 id="m13">TestNGPack.VerifySignupPopUp#verifyMonthDropDown</h3><table class="result"><tr><th>Exception</th></tr><tr><td><div class="stacktrace">java.lang.UnsupportedOperationException: You may only deselect options of a multi-select
	at org.openqa.selenium.support.ui.Select.deselectByValue(Select.java:224)
	at page.SingupPopUp.selectMonth(SingupPopUp.java:78)
	at TestNGPack.VerifySignupPopUp.verifyMonthDropDown(VerifySignupPopUp.java:86)
	at java.base/java.util.concurrent.ThreadPoolExecutor.runWorker(ThreadPoolExecutor.java:1136)
	at java.base/java.util.concurrent.ThreadPoolExecutor$Worker.run(ThreadPoolExecutor.java:635)
	at java.base/java.lang.Thread.run(Thread.java:833)
... Removed 12 stack frames</div></td></tr></table><p class="totop"><a href="#summary">back to summary</a></p>
<h3 id="m14">TestNGPack.VerifyLoginPage#verifyCreateNewAccountButtonOnLoginPage</h3><table class="result"><tr><th>Exception</th></tr><tr><td><div class="stacktrace">java.lang.Throwable: Method VerifyLoginPage.verifyCreateNewAccountButtonOnLoginPage()[pri:5, instance:TestNGPack.VerifyLoginPage@7bab3f1a] depends on not successfully finished methods
	at java.base/java.util.concurrent.ThreadPoolExecutor.runWorker(ThreadPoolExecutor.java:1136)
	at java.base/java.util.concurrent.ThreadPoolExecutor$Worker.run(ThreadPoolExecutor.java:635)
	at java.base/java.lang.Thread.run(Thread.java:833)
... Removed 3 stack frames</div></td></tr></table><p class="totop"><a href="#summary">back to summary</a></p>
<h3 id="m15">TestNGPack.VerifySignupPopUp#verifyYearDropDown</h3><table class="result"><tr><th>Exception</th></tr><tr><td><div class="stacktrace">java.lang.Throwable: Method VerifySignupPopUp.verifyYearDropDown()[pri:3, instance:TestNGPack.VerifySignupPopUp@36916eb0] depends on not successfully finished methods
	at java.base/java.util.concurrent.ThreadPoolExecutor.runWorker(ThreadPoolExecutor.java:1136)
	at java.base/java.util.concurrent.ThreadPoolExecutor$Worker.run(ThreadPoolExecutor.java:635)
	at java.base/java.lang.Thread.run(Thread.java:833)
... Removed 3 stack frames</div></td></tr></table><p class="totop"><a href="#summary">back to summary</a></p>
<h3 id="m16">TestNGPack.VerifyForgotPasswordPage#verifyCancelButtonOnForgotPasswordPage</h3><table class="result"><tr><th class="invisible"/></tr></table><p class="totop"><a href="#summary">back to summary</a></p>
<h3 id="m17">TestNGPack.VerifyForgotPasswordPage#verifyMessageOnForgotPasswordPage</h3><table class="result"><tr><th class="invisible"/></tr></table><p class="totop"><a href="#summary">back to summary</a></p>
<h3 id="m18">TestNGPack.VerifyLoginPage#verifyErrorMessageOfIncorrectPassword</h3><table class="result"><tr><th class="invisible"/></tr></table><p class="totop"><a href="#summary">back to summary</a></p>
<h3 id="m19">TestNGPack.VerifyLoginPage#verifyErrorMessageOfIncorrectUserName</h3><table class="result"><tr><th class="invisible"/></tr></table><p class="totop"><a href="#summary">back to summary</a></p>
<h3 id="m20">TestNGPack.VerifyLoginPage#verifyTextPresentOnUserName</h3><table class="result"><tr><th class="invisible"/></tr></table><p class="totop"><a href="#summary">back to summary</a></p>
<h3 id="m21">TestNGPack.VerifySignupPopUp#verifyDayDropDown</h3><table class="result"><tr><th class="invisible"/></tr></table><p class="totop"><a href="#summary">back to summary</a></p>
<h2>FirefoxTest</h2><h3 id="m22">TestNGPack.VerifyForgotPasswordPage#verifySearchButtonOnForgotPasswordPage</h3><table class="result"><tr><th>Exception</th></tr><tr><td><div class="stacktrace">org.openqa.selenium.NoSuchElementException: Unable to locate element: //div[@class=&apos;_9o4h&apos;]
For documentation on this error, please visit: https://www.seleniumhq.org/exceptions/no_such_element.html
Build info: version: &apos;3.141.59&apos;, revision: &apos;e82be7d358&apos;, time: &apos;2018-11-14T08:17:03&apos;
System info: host: &apos;DESKTOP-FTIU28S&apos;, ip: &apos;192.168.184.1&apos;, os.name: &apos;Windows 11&apos;, os.arch: &apos;amd64&apos;, os.version: &apos;10.0&apos;, java.version: &apos;17.0.5&apos;
Driver info: org.openqa.selenium.firefox.FirefoxDriver
Capabilities {acceptInsecureCerts: true, browserName: firefox, browserVersion: 111.0.1, javascriptEnabled: true, moz:accessibilityChecks: false, moz:buildID: 20230321111920, moz:geckodriverVersion: 0.32.2, moz:headless: false, moz:platformVersion: 10.0, moz:processID: 44112, moz:profile: C:\Users\Akash\AppData\Loca..., moz:shutdownTimeout: 60000, moz:useNonSpecCompliantPointerOrigin: false, moz:webdriverClick: true, moz:windowless: false, pageLoadStrategy: normal, platform: WINDOWS, platformName: WINDOWS, proxy: Proxy(), setWindowRect: true, strictFileInteractability: false, timeouts: {implicit: 0, pageLoad: 300000, script: 30000}, unhandledPromptBehavior: dismiss and notify}
Session ID: 541552a0-9dea-4118-970c-003ac69f6ba2
*** Element info: {Using=xpath, value=//div[@class=&apos;_9o4h&apos;]}
	at org.openqa.selenium.remote.http.W3CHttpResponseCodec.createException(W3CHttpResponseCodec.java:187)
	at org.openqa.selenium.remote.http.W3CHttpResponseCodec.decode(W3CHttpResponseCodec.java:122)
	at org.openqa.selenium.remote.http.W3CHttpResponseCodec.decode(W3CHttpResponseCodec.java:49)
	at org.openqa.selenium.remote.HttpCommandExecutor.execute(HttpCommandExecutor.java:158)
	at org.openqa.selenium.remote.service.DriverCommandExecutor.execute(DriverCommandExecutor.java:83)
	at org.openqa.selenium.remote.RemoteWebDriver.execute(RemoteWebDriver.java:552)
	at org.openqa.selenium.remote.RemoteWebDriver.findElement(RemoteWebDriver.java:323)
	at org.openqa.selenium.remote.RemoteWebDriver.findElementByXPath(RemoteWebDriver.java:428)
	at org.openqa.selenium.By$ByXPath.findElement(By.java:353)
	at org.openqa.selenium.remote.RemoteWebDriver.findElement(RemoteWebDriver.java:315)
	at org.openqa.selenium.support.pagefactory.DefaultElementLocator.findElement(DefaultElementLocator.java:69)
	at org.openqa.selenium.support.pagefactory.internal.LocatingElementHandler.invoke(LocatingElementHandler.java:38)
	at jdk.proxy2/jdk.proxy2.$Proxy17.getText(Unknown Source)
	at page.ForgotPasswordPage.getErrorMessage(ForgotPasswordPage.java:55)
	at TestNGPack.VerifyForgotPasswordPage.verifySearchButtonOnForgotPasswordPage(VerifyForgotPasswordPage.java:125)
	at java.base/java.util.concurrent.ThreadPoolExecutor.runWorker(ThreadPoolExecutor.java:1136)
	at java.base/java.util.concurrent.ThreadPoolExecutor$Worker.run(ThreadPoolExecutor.java:635)
	at java.base/java.lang.Thread.run(Thread.java:833)
... Removed 17 stack frames</div></td></tr></table><p class="totop"><a href="#summary">back to summary</a></p>
<h3 id="m23">TestNGPack.VerifyLoginPage#verifyForgotPasswordLinkOnLoginPage</h3><table class="result"><tr><th>Exception</th></tr><tr><td><div class="stacktrace">java.lang.AssertionError: expected [https://www.facebook.com/] but found [https://www.facebook.com/recover/initiate/?privacy_mutation_token=eyJ0eXBlIjowLCJjcmVhdGlvbl90aW1lIjoxNjgwMjQ3NjE5LCJjYWxsc2l0ZV9pZCI6MzgxMjI5MDc5NTc1OTQ2fQ%3D%3D&amp;ars=facebook_login]
	at TestNGPack.VerifyLoginPage.verifyForgotPasswordLinkOnLoginPage(VerifyLoginPage.java:151)
	at java.base/java.util.concurrent.ThreadPoolExecutor.runWorker(ThreadPoolExecutor.java:1136)
	at java.base/java.util.concurrent.ThreadPoolExecutor$Worker.run(ThreadPoolExecutor.java:635)
	at java.base/java.lang.Thread.run(Thread.java:833)
... Removed 18 stack frames</div></td></tr></table><p class="totop"><a href="#summary">back to summary</a></p>
<h3 id="m24">TestNGPack.VerifySignupPopUp#verifyMonthDropDown</h3><table class="result"><tr><th>Exception</th></tr><tr><td><div class="stacktrace">java.lang.UnsupportedOperationException: You may only deselect options of a multi-select
	at org.openqa.selenium.support.ui.Select.deselectByValue(Select.java:224)
	at page.SingupPopUp.selectMonth(SingupPopUp.java:78)
	at TestNGPack.VerifySignupPopUp.verifyMonthDropDown(VerifySignupPopUp.java:86)
	at java.base/java.util.concurrent.ThreadPoolExecutor.runWorker(ThreadPoolExecutor.java:1136)
	at java.base/java.util.concurrent.ThreadPoolExecutor$Worker.run(ThreadPoolExecutor.java:635)
	at java.base/java.lang.Thread.run(Thread.java:833)
... Removed 12 stack frames</div></td></tr></table><p class="totop"><a href="#summary">back to summary</a></p>
<h3 id="m25">TestNGPack.VerifyLoginPage#verifyCreateNewAccountButtonOnLoginPage</h3><table class="result"><tr><th>Exception</th></tr><tr><td><div class="stacktrace">java.lang.Throwable: Method VerifyLoginPage.verifyCreateNewAccountButtonOnLoginPage()[pri:5, instance:TestNGPack.VerifyLoginPage@31fa1761] depends on not successfully finished methods
	at java.base/java.util.concurrent.ThreadPoolExecutor.runWorker(ThreadPoolExecutor.java:1136)
	at java.base/java.util.concurrent.ThreadPoolExecutor$Worker.run(ThreadPoolExecutor.java:635)
	at java.base/java.lang.Thread.run(Thread.java:833)
... Removed 3 stack frames</div></td></tr></table><p class="totop"><a href="#summary">back to summary</a></p>
<h3 id="m26">TestNGPack.VerifySignupPopUp#verifyYearDropDown</h3><table class="result"><tr><th>Exception</th></tr><tr><td><div class="stacktrace">java.lang.Throwable: Method VerifySignupPopUp.verifyYearDropDown()[pri:3, instance:TestNGPack.VerifySignupPopUp@729d991e] depends on not successfully finished methods
	at java.base/java.util.concurrent.ThreadPoolExecutor.runWorker(ThreadPoolExecutor.java:1136)
	at java.base/java.util.concurrent.ThreadPoolExecutor$Worker.run(ThreadPoolExecutor.java:635)
	at java.base/java.lang.Thread.run(Thread.java:833)
... Removed 3 stack frames</div></td></tr></table><p class="totop"><a href="#summary">back to summary</a></p>
<h3 id="m27">TestNGPack.VerifyForgotPasswordPage#verifyCancelButtonOnForgotPasswordPage</h3><table class="result"><tr><th class="invisible"/></tr></table><p class="totop"><a href="#summary">back to summary</a></p>
<h3 id="m28">TestNGPack.VerifyForgotPasswordPage#verifyMessageOnForgotPasswordPage</h3><table class="result"><tr><th class="invisible"/></tr></table><p class="totop"><a href="#summary">back to summary</a></p>
<h3 id="m29">TestNGPack.VerifyLoginPage#verifyErrorMessageOfIncorrectPassword</h3><table class="result"><tr><th class="invisible"/></tr></table><p class="totop"><a href="#summary">back to summary</a></p>
<h3 id="m30">TestNGPack.VerifyLoginPage#verifyErrorMessageOfIncorrectUserName</h3><table class="result"><tr><th class="invisible"/></tr></table><p class="totop"><a href="#summary">back to summary</a></p>
<h3 id="m31">TestNGPack.VerifyLoginPage#verifyTextPresentOnUserName</h3><table class="result"><tr><th class="invisible"/></tr></table><p class="totop"><a href="#summary">back to summary</a></p>
<h3 id="m32">TestNGPack.VerifySignupPopUp#verifyDayDropDown</h3><table class="result"><tr><th class="invisible"/></tr></table><p class="totop"><a href="#summary">back to summary</a></p>
</body>
</html>
