<?xml version="1.0" encoding="UTF-8"?>
<!-- Generated by org.testng.reporters.JUnitReportReporter -->
<testsuite hostname="DESKTOP-FTIU28S" failures="0" tests="9" name="TestNGPack.VerifySignupPopUp" time="6.691" errors="1" timestamp="2023-04-14T18:22:22 IST" skipped="7">
  <testcase classname="TestNGPack.VerifySignupPopUp" name="verifyDayDropDown" time="0.000">
    <skipped/>
  </testcase> <!-- verifyDayDropDown -->
  <system-out/>
  <testcase classname="TestNGPack.VerifySignupPopUp" name="verifyDayDropDown" time="5.075"/>
  <system-out/>
  <testcase classname="TestNGPack.VerifySignupPopUp" name="verifyDayDropDown" time="0.000">
    <skipped/>
  </testcase> <!-- verifyDayDropDown -->
  <system-out/>
  <testcase classname="TestNGPack.VerifySignupPopUp" name="verifyMonthDropDown" time="0.000">
    <skipped/>
  </testcase> <!-- verifyMonthDropDown -->
  <system-out/>
  <testcase classname="TestNGPack.VerifySignupPopUp" name="verifyMonthDropDown" time="0.000">
    <skipped/>
  </testcase> <!-- verifyMonthDropDown -->
  <system-out/>
  <testcase classname="TestNGPack.VerifySignupPopUp" name="verifyMonthDropDown" time="1.616">
    <error message="You may only deselect options of a multi-select" type="java.lang.UnsupportedOperationException">
      <![CDATA[java.lang.UnsupportedOperationException: You may only deselect options of a multi-select
at org.openqa.selenium.support.ui.Select.deselectByValue(Select.java:224)
at page.SingupPopUp.selectMonth(SingupPopUp.java:78)
at TestNGPack.VerifySignupPopUp.verifyMonthDropDown(VerifySignupPopUp.java:86)
at java.base/jdk.internal.reflect.NativeMethodAccessorImpl.invoke0(Native Method)
at java.base/jdk.internal.reflect.NativeMethodAccessorImpl.invoke(NativeMethodAccessorImpl.java:77)
at java.base/jdk.internal.reflect.DelegatingMethodAccessorImpl.invoke(DelegatingMethodAccessorImpl.java:43)
at java.base/java.lang.reflect.Method.invoke(Method.java:568)
at org.testng.internal.MethodInvocationHelper.invokeMethod(MethodInvocationHelper.java:133)
at org.testng.internal.TestInvoker.invokeMethod(TestInvoker.java:598)
at org.testng.internal.TestInvoker.invokeTestMethod(TestInvoker.java:173)
at org.testng.internal.MethodRunner.runInSequence(MethodRunner.java:46)
at org.testng.internal.TestInvoker$MethodInvocationAgent.invoke(TestInvoker.java:824)
at org.testng.internal.TestInvoker.invokeTestMethods(TestInvoker.java:146)
at org.testng.internal.TestMethodWorker.invokeTestMethods(TestMethodWorker.java:146)
at org.testng.internal.TestMethodWorker.run(TestMethodWorker.java:128)
at java.base/java.util.concurrent.ThreadPoolExecutor.runWorker(ThreadPoolExecutor.java:1136)
at java.base/java.util.concurrent.ThreadPoolExecutor$Worker.run(ThreadPoolExecutor.java:635)
at java.base/java.lang.Thread.run(Thread.java:833)
]]>
    </error>
  </testcase> <!-- verifyMonthDropDown -->
  <system-out/>
  <testcase classname="TestNGPack.VerifySignupPopUp" name="verifyYearDropDown" time="0.000">
    <skipped/>
  </testcase> <!-- verifyYearDropDown -->
  <system-out/>
  <testcase classname="TestNGPack.VerifySignupPopUp" name="verifyYearDropDown" time="0.000">
    <skipped/>
  </testcase> <!-- verifyYearDropDown -->
  <system-out/>
  <testcase classname="TestNGPack.VerifySignupPopUp" name="verifyYearDropDown" time="0.000">
    <skipped/>
  </testcase> <!-- verifyYearDropDown -->
  <system-out/>
</testsuite> <!-- TestNGPack.VerifySignupPopUp -->
