<?xml version="1.0" encoding="UTF-8"?>
<!-- Generated by org.testng.reporters.JUnitXMLReporter -->
<testsuite ignored="0" hostname="DESKTOP-FTIU28S" failures="3" tests="11" name="Test" time="25.459" errors="0" timestamp="2023-03-23T07:56:31 IST">
  <testcase classname="TestNGPack.VerifyForgotPasswordPage" name="verifyMessageOnForgotPasswordPage" time="0.06"/>
  <testcase classname="TestNGPack.VerifyForgotPasswordPage" name="verifyCancelButtonOnForgotPasswordPage" time="0.738"/>
  <testcase classname="TestNGPack.VerifyForgotPasswordPage" name="verifySearchButtonOnForgotPasswordPage" time="0.899">
    <failure type="java.lang.AssertionError" message="The following asserts failed:
	expected [No search results123] but found [No search results]">
      <![CDATA[java.lang.AssertionError: The following asserts failed:
expected [No search results123] but found [No search results]
at TestNGPack.VerifyForgotPasswordPage.verifySearchButtonOnForgotPasswordPage(VerifyForgotPasswordPage.java:103)
at java.base/java.util.ArrayList.forEach(ArrayList.java:1511)
... Removed 29 stack frames]]>
    </failure>
  </testcase> <!-- verifySearchButtonOnForgotPasswordPage -->
  <testcase classname="TestNGPack.VerifySignupPopUp" name="verifyDayDropDown" time="1.056"/>
  <testcase classname="TestNGPack.VerifySignupPopUp" name="verifyMonthDropDown" time="0.73">
    <failure type="java.lang.UnsupportedOperationException" message="You may only deselect options of a multi-select">
      <![CDATA[java.lang.UnsupportedOperationException: You may only deselect options of a multi-select
at org.openqa.selenium.support.ui.Select.deselectByValue(Select.java:224)
at page.SingupPopUp.selectMonth(SingupPopUp.java:77)
at TestNGPack.VerifySignupPopUp.verifyMonthDropDown(VerifySignupPopUp.java:56)
at java.base/java.util.ArrayList.forEach(ArrayList.java:1511)
... Removed 27 stack frames]]>
    </failure>
  </testcase> <!-- verifyMonthDropDown -->
  <testcase classname="TestNGPack.VerifySignupPopUp" name="verifyYearDropDown" time="0.0">
    <skipped/>
  </testcase> <!-- verifyYearDropDown -->
  <testcase classname="TestNGPack.VerifyLoginPage" name="verifyTextPresentOnUserName" time="0.051"/>
  <testcase classname="TestNGPack.VerifyLoginPage" name="verifyErrorMessageOfIncorrectPassword" time="3.195"/>
  <testcase classname="TestNGPack.VerifyLoginPage" name="verifyErrorMessageOfIncorrectUserName" time="2.303"/>
  <testcase classname="TestNGPack.VerifyLoginPage" name="verifyForgotPasswordLinkOnLoginPage" time="1.535">
    <failure type="java.lang.AssertionError" message="expected [https://www.facebook.com/] but found [https://www.facebook.com/recover/initiate/?privacy_mutation_token=eyJ0eXBlIjowLCJjcmVhdGlvbl90aW1lIjoxNjc5NTM4Mzg4LCJjYWxsc2l0ZV9pZCI6MzgxMjI5MDc5NTc1OTQ2fQ%3D%3D&amp;amp;ars=facebook_login]">
      <![CDATA[java.lang.AssertionError: expected [https://www.facebook.com/] but found [https://www.facebook.com/recover/initiate/?privacy_mutation_token=eyJ0eXBlIjowLCJjcmVhdGlvbl90aW1lIjoxNjc5NTM4Mzg4LCJjYWxsc2l0ZV9pZCI6MzgxMjI5MDc5NTc1OTQ2fQ%3D%3D&ars=facebook_login]
at TestNGPack.VerifyLoginPage.verifyForgotPasswordLinkOnLoginPage(VerifyLoginPage.java:119)
at java.base/java.util.ArrayList.forEach(ArrayList.java:1511)
... Removed 33 stack frames]]>
    </failure>
  </testcase> <!-- verifyForgotPasswordLinkOnLoginPage -->
  <testcase classname="TestNGPack.VerifyLoginPage" name="verifyCreateNewAccountButtonOnLoginPage" time="0.0">
    <skipped/>
  </testcase> <!-- verifyCreateNewAccountButtonOnLoginPage -->
</testsuite> <!-- Test -->
